\BOOKMARK [1][-]{Doc-Start}{\376\377\000Z\000o\000z\000n\000a\000m\000\040\000p\000o\000u\001\176\000i\000t\000\375\000c\000h\000\040\000s\000k\000r\000a\000t\000i\000e\000k\000\040\000a\000\040\000s\000y\000m\000b\000o\000l\000o\000v}{}% 1
\BOOKMARK [1][-]{Doc-Start}{\376\377\000Z\000o\000z\000n\000a\000m\000\040\000o\000b\000r\000\341\000z\000k\000o\000v}{}% 2
\BOOKMARK [1][-]{Doc-Start}{\376\377\000Z\000o\000z\000n\000a\000m\000\040\000t\000a\000b\000u\000l\000i\000e\000k}{}% 3
\BOOKMARK [1][-]{Doc-Start}{\376\377\000Z\000o\000z\000n\000a\000m\000\040\000v\000\375\000p\000i\000s\000o\000v\000\040\000z\000d\000r\000o\000j\000o\000v\000\351\000h\000o\000\040\000k\000\363\000d\000u}{}% 4
\BOOKMARK [1][-]{section.1}{\376\377\000\332\000v\000o\000d}{}% 5
\BOOKMARK [1][-]{section.2}{\376\377\000D\000e\000t\000e\000k\000c\000i\000a\000\040\000v\000o\000d\000i\001\015\000a\000\040\000v\000o\000\040\000v\000o\000z\000i\000d\000l\000e}{}% 6
\BOOKMARK [1][-]{section.3}{\376\377\000D\000e\000t\000e\000k\000c\000i\000a\000\040\000a\000\040\000a\000n\000a\000l\000\375\000z\000a\000\040\001\076\000u\000d\000s\000k\000\351\000h\000o\000\040\000t\000e\000l\000a\000\040\000v\000\040\000o\000b\000r\000a\000z\000o\000c\000h}{}% 7
\BOOKMARK [2][-]{subsection.3.1}{\376\377\000P\000r\000\355\000z\000n\000a\000k\000o\000v\000\351\000\040\000r\000o\000z\000p\000o\000z\000n\000\341\000v\000a\000n\000i\000e}{section.3}% 8
\BOOKMARK [2][-]{subsection.3.2}{\376\377\000O\000p\000e\000n\000P\000o\000s\000e}{section.3}% 9
\BOOKMARK [2][-]{subsection.3.3}{\376\377\000T\000F\000\040\000P\000o\000s\000e\000\040\000E\000s\000t\000i\000m\000a\000t\000i\000o\000n}{section.3}% 10
\BOOKMARK [2][-]{subsection.3.4}{\376\377\000A\000l\000p\000h\000a\000P\000o\000s\000e}{section.3}% 11
\BOOKMARK [2][-]{subsection.3.5}{\376\377\000O\000s\000t\000a\000t\000n\000\351\000\040\000m\000e\000t\000\363\000d\000y}{section.3}% 12
\BOOKMARK [1][-]{section.4}{\376\377\000V\000y\000u\001\176\000i\000t\000i\000e\000\040\000s\000f\000\351\000r\000i\000c\000k\000\375\000c\000h\000\040\000k\000a\000m\000i\000e\000r\000\040\000n\000a\000\040\000d\000e\000t\000e\000k\000c\000i\000u\000\040\000o\000b\000r\000a\000z\000u}{}% 13
\BOOKMARK [1][-]{section.5}{\376\377\000V\000l\000a\000s\000t\000n\000\341\000\040\000i\000m\000p\000l\000e\000m\000e\000n\000t\000\341\000c\000i\000a}{}% 14
\BOOKMARK [2][-]{subsection.5.1}{\376\377\000P\000o\000p\000i\000s\000\040\000p\000r\000o\000g\000r\000a\000m\000u}{section.5}% 15
\BOOKMARK [2][-]{subsection.5.2}{\376\377\000P\000o\001\176\000i\000a\000d\000a\000v\000k\000y\000\040\000a\000\040\000n\000\341\000v\000r\000h\000\040\000p\000r\000o\000g\000r\000a\000m\000u}{section.5}% 16
\BOOKMARK [2][-]{subsection.5.3}{\376\377\000P\000o\000u\001\176\000i\000t\000\351\000\040\000t\000e\000c\000h\000n\000o\000l\000\363\000g\000i\000e}{section.5}% 17
\BOOKMARK [2][-]{subsection.5.4}{\376\377\000V\000y\000t\000v\000o\000r\000e\000n\000i\000e\000\040\000a\000\040\000s\000p\000r\000a\000c\000o\000v\000a\000n\000i\000e\000\040\000v\000i\000d\000e\000a}{section.5}% 18
\BOOKMARK [2][-]{subsection.5.5}{\376\377\000D\000e\000t\000e\000k\000c\000i\000a\000\040\000v\000o\000d\000i\001\015\000a}{section.5}% 19
\BOOKMARK [2][-]{subsection.5.6}{\376\377\000O\000r\000i\000e\000n\000t\000\341\000c\000i\000a\000\040\000h\000l\000a\000v\000y}{section.5}% 20
\BOOKMARK [2][-]{subsection.5.7}{\376\377\000B\000e\000z\000p\000e\001\015\000n\000o\000s\000t\000n\000\375\000\040\000p\000\341\000s}{section.5}% 21
\BOOKMARK [2][-]{subsection.5.8}{\376\377\000N\000e\000u\000r\000\363\000n\000o\000v\000\341\000\040\000s\000i\000e\001\145}{section.5}% 22
\BOOKMARK [2][-]{subsection.5.9}{\376\377\000V\000\375\000s\000t\000u\000p\000\040\000p\000r\000o\000g\000r\000a\000m\000u}{section.5}% 23
\BOOKMARK [2][-]{subsection.5.10}{\376\377\000V\000y\000u\001\176\000i\000t\000i\000e\000\040\000z\000o\000z\000b\000i\000e\000r\000a\000n\000\375\000c\000h\000\040\000d\000\341\000t}{section.5}% 24
\BOOKMARK [2][-]{subsection.5.11}{\376\377\000P\000o\000u\001\176\000\355\000v\000a\000t\000e\001\076\000s\000k\000\341\000\040\000p\000r\000\355\000r\000u\001\015\000k\000a}{section.5}% 25
\BOOKMARK [1][-]{section.6}{\376\377\000M\000o\001\176\000n\000o\000s\000t\000i\000\040\000v\000y\000l\000e\000p\001\141\000e\000n\000i\000a\000\040\000d\000e\000t\000e\000k\000c\000i\000e}{}% 26
\BOOKMARK [1][-]{section.7}{\376\377\000Z\000\341\000v\000e\000r}{}% 27
\BOOKMARK [1][-]{section.7}{\376\377\000L\000i\000t\000e\000r\000a\000t\000\372\000r\000a}{}% 28
